2024-04-11 19:58:03,926 DEBUG: This is a debug message [in c:\Users\odon\Desktop\Website\Flask_webserver\app.py:23]
2024-04-11 19:58:03,928 INFO: This is an info message [in c:\Users\odon\Desktop\Website\Flask_webserver\app.py:24]
2024-04-11 19:58:03,928 WARNING: This is a warning message [in c:\Users\odon\Desktop\Website\Flask_webserver\app.py:25]
2024-04-11 19:58:03,928 ERROR: This is an error message [in c:\Users\odon\Desktop\Website\Flask_webserver\app.py:26]
2024-04-11 19:58:03,928 CRITICAL: This is a critical message [in c:\Users\odon\Desktop\Website\Flask_webserver\app.py:27]
2024-04-11 19:58:05,406 DEBUG: This is a debug message [in c:\Users\odon\Desktop\Website\Flask_webserver\app.py:23]
2024-04-11 19:58:05,406 INFO: This is an info message [in c:\Users\odon\Desktop\Website\Flask_webserver\app.py:24]
2024-04-11 19:58:05,407 WARNING: This is a warning message [in c:\Users\odon\Desktop\Website\Flask_webserver\app.py:25]
2024-04-11 19:58:05,407 ERROR: This is an error message [in c:\Users\odon\Desktop\Website\Flask_webserver\app.py:26]
2024-04-11 19:58:05,407 CRITICAL: This is a critical message [in c:\Users\odon\Desktop\Website\Flask_webserver\app.py:27]
2024-04-11 19:58:05,937 DEBUG: This is a debug message [in c:\Users\odon\Desktop\Website\Flask_webserver\app.py:23]
2024-04-11 19:58:05,938 INFO: This is an info message [in c:\Users\odon\Desktop\Website\Flask_webserver\app.py:24]
2024-04-11 19:58:05,938 WARNING: This is a warning message [in c:\Users\odon\Desktop\Website\Flask_webserver\app.py:25]
2024-04-11 19:58:05,938 ERROR: This is an error message [in c:\Users\odon\Desktop\Website\Flask_webserver\app.py:26]
2024-04-11 19:58:05,940 CRITICAL: This is a critical message [in c:\Users\odon\Desktop\Website\Flask_webserver\app.py:27]
2024-04-11 19:58:06,198 DEBUG: This is a debug message [in c:\Users\odon\Desktop\Website\Flask_webserver\app.py:23]
2024-04-11 19:58:06,199 INFO: This is an info message [in c:\Users\odon\Desktop\Website\Flask_webserver\app.py:24]
2024-04-11 19:58:06,199 WARNING: This is a warning message [in c:\Users\odon\Desktop\Website\Flask_webserver\app.py:25]
2024-04-11 19:58:06,199 ERROR: This is an error message [in c:\Users\odon\Desktop\Website\Flask_webserver\app.py:26]
2024-04-11 19:58:06,199 CRITICAL: This is a critical message [in c:\Users\odon\Desktop\Website\Flask_webserver\app.py:27]
2024-04-11 19:58:31,120 DEBUG: This is a debug message [in c:\Users\odon\Desktop\Website\Flask_webserver\app.py:23]
2024-04-11 19:58:31,120 INFO: This is an info message [in c:\Users\odon\Desktop\Website\Flask_webserver\app.py:24]
2024-04-11 19:58:31,120 WARNING: This is a warning message [in c:\Users\odon\Desktop\Website\Flask_webserver\app.py:25]
2024-04-11 19:58:31,121 ERROR: This is an error message [in c:\Users\odon\Desktop\Website\Flask_webserver\app.py:26]
2024-04-11 19:58:31,121 CRITICAL: This is a critical message [in c:\Users\odon\Desktop\Website\Flask_webserver\app.py:27]
2024-04-11 19:58:31,453 DEBUG: This is a debug message [in c:\Users\odon\Desktop\Website\Flask_webserver\app.py:23]
2024-04-11 19:58:31,454 INFO: This is an info message [in c:\Users\odon\Desktop\Website\Flask_webserver\app.py:24]
2024-04-11 19:58:31,454 WARNING: This is a warning message [in c:\Users\odon\Desktop\Website\Flask_webserver\app.py:25]
2024-04-11 19:58:31,454 ERROR: This is an error message [in c:\Users\odon\Desktop\Website\Flask_webserver\app.py:26]
2024-04-11 19:58:31,455 CRITICAL: This is a critical message [in c:\Users\odon\Desktop\Website\Flask_webserver\app.py:27]
2024-04-11 19:58:31,670 DEBUG: This is a debug message [in c:\Users\odon\Desktop\Website\Flask_webserver\app.py:23]
2024-04-11 19:58:31,671 INFO: This is an info message [in c:\Users\odon\Desktop\Website\Flask_webserver\app.py:24]
2024-04-11 19:58:31,671 WARNING: This is a warning message [in c:\Users\odon\Desktop\Website\Flask_webserver\app.py:25]
2024-04-11 19:58:31,671 ERROR: This is an error message [in c:\Users\odon\Desktop\Website\Flask_webserver\app.py:26]
2024-04-11 19:58:31,672 CRITICAL: This is a critical message [in c:\Users\odon\Desktop\Website\Flask_webserver\app.py:27]
2024-04-11 19:58:31,817 DEBUG: This is a debug message [in c:\Users\odon\Desktop\Website\Flask_webserver\app.py:23]
2024-04-11 19:58:31,818 INFO: This is an info message [in c:\Users\odon\Desktop\Website\Flask_webserver\app.py:24]
2024-04-11 19:58:31,818 WARNING: This is a warning message [in c:\Users\odon\Desktop\Website\Flask_webserver\app.py:25]
2024-04-11 19:58:31,818 ERROR: This is an error message [in c:\Users\odon\Desktop\Website\Flask_webserver\app.py:26]
2024-04-11 19:58:31,818 CRITICAL: This is a critical message [in c:\Users\odon\Desktop\Website\Flask_webserver\app.py:27]
2024-04-11 19:58:31,960 DEBUG: This is a debug message [in c:\Users\odon\Desktop\Website\Flask_webserver\app.py:23]
2024-04-11 19:58:31,961 INFO: This is an info message [in c:\Users\odon\Desktop\Website\Flask_webserver\app.py:24]
2024-04-11 19:58:31,961 WARNING: This is a warning message [in c:\Users\odon\Desktop\Website\Flask_webserver\app.py:25]
2024-04-11 19:58:31,961 ERROR: This is an error message [in c:\Users\odon\Desktop\Website\Flask_webserver\app.py:26]
2024-04-11 19:58:31,961 CRITICAL: This is a critical message [in c:\Users\odon\Desktop\Website\Flask_webserver\app.py:27]
2024-04-11 19:59:35,300 DEBUG: This is a debug message [in c:\Users\odon\Desktop\Website\Flask_webserver\app.py:23]
2024-04-11 19:59:35,300 INFO: This is an info message [in c:\Users\odon\Desktop\Website\Flask_webserver\app.py:24]
2024-04-11 19:59:35,301 WARNING: This is a warning message [in c:\Users\odon\Desktop\Website\Flask_webserver\app.py:25]
2024-04-11 19:59:35,302 ERROR: This is an error message [in c:\Users\odon\Desktop\Website\Flask_webserver\app.py:26]
2024-04-11 19:59:35,303 CRITICAL: This is a critical message [in c:\Users\odon\Desktop\Website\Flask_webserver\app.py:27]
2024-04-11 19:59:35,682 DEBUG: This is a debug message [in c:\Users\odon\Desktop\Website\Flask_webserver\app.py:23]
2024-04-11 19:59:35,683 INFO: This is an info message [in c:\Users\odon\Desktop\Website\Flask_webserver\app.py:24]
2024-04-11 19:59:35,684 WARNING: This is a warning message [in c:\Users\odon\Desktop\Website\Flask_webserver\app.py:25]
2024-04-11 19:59:35,685 ERROR: This is an error message [in c:\Users\odon\Desktop\Website\Flask_webserver\app.py:26]
2024-04-11 19:59:35,686 CRITICAL: This is a critical message [in c:\Users\odon\Desktop\Website\Flask_webserver\app.py:27]
